<?xml version="1.0" encoding="windows-1252" standalone="no"?>
<!DOCTYPE log SYSTEM "logger.dtd">
<log>
<record>
  <date>2022-04-19T12:45:55</date>
  <millis>1650352555728</millis>
  <sequence>0</sequence>
  <logger>com.training.model.Book</logger>
  <level>INFO</level>
  <class>com.example.LoggingWithPropAndSaveToFile</class>
  <method>main</method>
  <thread>1</thread>
  <message>Logging properties done right</message>
</record>
<record>
  <date>2022-04-19T12:45:55</date>
  <millis>1650352555743</millis>
  <sequence>1</sequence>
  <logger>com.training.model.Book</logger>
  <level>INFO</level>
  <class>com.training.model.Book</class>
  <method>&lt;init&gt;</method>
  <thread>1</thread>
  <message>Book with zero argument construced</message>
</record>
<record>
  <date>2022-04-19T12:45:55</date>
  <millis>1650352555744</millis>
  <sequence>2</sequence>
  <logger>com.training.model.Book</logger>
  <level>INFO</level>
  <class>com.example.LoggingWithPropAndSaveToFile</class>
  <method>main</method>
  <thread>1</thread>
  <message>Book [BookNumber=0, BookName=null, BookAuthor=null, Price=0.0]</message>
</record>
</log>
