<?xml version="1.0" encoding="windows-1252" standalone="no"?>
<!DOCTYPE log SYSTEM "logger.dtd">
<log>
<record>
  <date>2022-04-19T12:35:32</date>
  <millis>1650351932627</millis>
  <sequence>0</sequence>
  <logger>com.training.LogToFile</logger>
  <level>INFO</level>
  <class>com.training.LogToFile</class>
  <method>main</method>
  <thread>1</thread>
  <message>Try block called</message>
</record>
<record>
  <date>2022-04-19T12:35:32</date>
  <millis>1650351932670</millis>
  <sequence>1</sequence>
  <logger>com.training.LogToFile</logger>
  <level>WARNING</level>
  <class>com.training.LogToFile</class>
  <method>main</method>
  <thread>1</thread>
  <message>K is a Great Programmer</message>
</record>
</log>
